<?xml version="1.0" encoding="UTF-8"?>
<!-- Generated by org.testng.reporters.JUnitXMLReporter -->
<testsuite hostname="user-PC" ignored="1" name="Default test" tests="2" failures="0" timestamp="23 Oct 2017 16:25:29 GMT" time="46.827" errors="0">
  <testcase name="verifyNewCustomerPageLaunch" time="4.557" classname="tests.NewCustomerTest"/>
  <testcase name="verifyNewCustomerSubmitButton" time="29.916" classname="tests.NewCustomerTest"/>
  <testcase name="addMultiValidCustomers" time="0.0" classname="tests.NewCustomerTest">
    <ignored/>
  </testcase> <!-- addMultiValidCustomers -->
</testsuite> <!-- Default test -->
