<?xml version="1.0" encoding="UTF-8"?>
<!-- Generated by org.testng.reporters.JUnitXMLReporter -->
<testsuite hostname="HIBAIP22088" ignored="1" name="Default test" tests="3" failures="0" timestamp="25 Oct 2017 09:38:09 GMT" time="35.401" errors="0">
  <testcase name="verifyNewCustomerPageLaunch" time="3.131" classname="tests.NewCustomerTest"/>
  <testcase name="verifyNewCustomerSubmitButton" time="12.552" classname="tests.NewCustomerTest"/>
  <testcase name="verificationOfErrorMessages" time="2.832" classname="tests.NewCustomerTest"/>
  <testcase name="addMultiValidCustomers" time="0.0" classname="tests.NewCustomerTest">
    <ignored/>
  </testcase> <!-- addMultiValidCustomers -->
</testsuite> <!-- Default test -->
