<?xml version="1.0" encoding="UTF-8"?>
<!-- Generated by org.testng.reporters.JUnitXMLReporter -->
<testsuite hostname="HIBAIP22088" ignored="1" name="Default test" tests="2" failures="0" timestamp="24 Oct 2017 10:19:54 GMT" time="51.406" errors="0">
  <testcase name="verifyNewCustomerPageLaunch" time="2.87" classname="tests.NewCustomerTest"/>
  <testcase name="verifyNewCustomerSubmitButton" time="36.173" classname="tests.NewCustomerTest"/>
  <testcase name="addMultiValidCustomers" time="0.0" classname="tests.NewCustomerTest">
    <ignored/>
  </testcase> <!-- addMultiValidCustomers -->
</testsuite> <!-- Default test -->
