<?xml version="1.0" encoding="UTF-8"?>
<testng-results skipped="0" failed="0" ignored="1" total="3" passed="2">
  <reporter-output>
    <line>
      <![CDATA[Add New Customer Page is Launched Successfully]]>
    </line>
  </reporter-output>
  <suite name="Default suite" duration-ms="46827" started-at="2017-10-23T16:24:42Z" finished-at="2017-10-23T16:25:29Z">
    <groups>
    </groups>
    <test name="Default test" duration-ms="46827" started-at="2017-10-23T16:24:42Z" finished-at="2017-10-23T16:25:29Z">
      <class name="tests.NewCustomerTest">
        <test-method status="PASS" signature="setUpBrowser()[pri:0, instance:tests.NewCustomerTest@20e2cbe0]" name="setUpBrowser" is-config="true" duration-ms="11194" started-at="2017-10-23T21:54:42Z" finished-at="2017-10-23T21:54:53Z">
          <reporter-output>
          </reporter-output>
        </test-method> <!-- setUpBrowser -->
        <test-method status="PASS" signature="verifyNewCustomerPageLaunch()[pri:0, instance:tests.NewCustomerTest@20e2cbe0]" name="verifyNewCustomerPageLaunch" duration-ms="4557" started-at="2017-10-23T21:54:53Z" description="Verification Of Launching Add New Customer page" finished-at="2017-10-23T21:54:58Z">
          <reporter-output>
            <line>
              <![CDATA[Add New Customer Page is Launched Successfully]]>
            </line>
          </reporter-output>
        </test-method> <!-- verifyNewCustomerPageLaunch -->
        <test-method status="PASS" signature="verifyNewCustomerSubmitButton()[pri:0, instance:tests.NewCustomerTest@20e2cbe0]" name="verifyNewCustomerSubmitButton" duration-ms="29916" started-at="2017-10-23T21:54:58Z" description="Verification of Add New Customer Submit Button" finished-at="2017-10-23T21:55:28Z">
          <reporter-output>
          </reporter-output>
        </test-method> <!-- verifyNewCustomerSubmitButton -->
        <test-method status="PASS" signature="closeBroser()[pri:0, instance:tests.NewCustomerTest@20e2cbe0]" name="closeBroser" is-config="true" duration-ms="1031" started-at="2017-10-23T21:55:28Z" finished-at="2017-10-23T21:55:29Z">
          <reporter-output>
          </reporter-output>
        </test-method> <!-- closeBroser -->
      </class> <!-- tests.NewCustomerTest -->
    </test> <!-- Default test -->
  </suite> <!-- Default suite -->
</testng-results>
